52.0 APEX_CODE,FINEST;APEX_PROFILING,INFO;CALLOUT,INFO;DB,INFO;NBA,INFO;SYSTEM,DEBUG;VALIDATION,INFO;VISUALFORCE,INFO;WAVE,INFO;WORKFLOW,INFO
Execute Anonymous: StageLayoutMetadata slm = new StageLayoutMetadata();
Execute Anonymous: System.debug('slm.getMData();: ' + slm.getMData());
12:04:35.1 (1879262)|USER_INFO|[EXTERNAL]|005N000000A9PdJ|test-bj4gxpykqiqx@example.com|(GMT+10:00) Australian Eastern Standard Time (Australia/Sydney)|GMT+10:00
12:04:35.1 (1903106)|EXECUTION_STARTED
12:04:35.1 (1908258)|CODE_UNIT_STARTED|[EXTERNAL]|execute_anonymous_apex
12:04:35.1 (9676237)|VARIABLE_SCOPE_BEGIN|[1]|slm|s_c.StageLayoutMetadata|true|false
12:04:35.1 (9850652)|HEAP_ALLOCATE|[79]|Bytes:3
12:04:35.1 (9898140)|HEAP_ALLOCATE|[84]|Bytes:152
12:04:35.1 (9914941)|HEAP_ALLOCATE|[399]|Bytes:408
12:04:35.1 (9931101)|HEAP_ALLOCATE|[412]|Bytes:408
12:04:35.1 (9943673)|HEAP_ALLOCATE|[520]|Bytes:48
12:04:35.1 (9971007)|HEAP_ALLOCATE|[139]|Bytes:6
12:04:35.1 (10003545)|HEAP_ALLOCATE|[EXTERNAL]|Bytes:3
12:04:35.1 (10048101)|STATEMENT_EXECUTE|[1]
12:04:35.1 (10052110)|STATEMENT_EXECUTE|[1]
12:04:35.1 (10056749)|HEAP_ALLOCATE|[1]|Bytes:1
12:04:35.1 (10063858)|HEAP_ALLOCATE|[1]|Bytes:2
12:04:35.1 (10100548)|METHOD_ENTRY|[1]|01pN0000004vmI6|s_c.StageLayoutMetadata.StageLayoutMetadata()
12:04:35.1 (10109148)|STATEMENT_EXECUTE|[1]
12:04:35.1 (10115013)|STATEMENT_EXECUTE|[1]
12:04:35.1 (10120760)|METHOD_EXIT|[1]|s_c.StageLayoutMetadata
12:04:35.1 (10140052)|HEAP_ALLOCATE|[1]|Bytes:4
12:04:35.1 (10174145)|HEAP_ALLOCATE|[52]|Bytes:5
12:04:35.1 (10201634)|HEAP_ALLOCATE|[58]|Bytes:5
12:04:35.1 (10211163)|HEAP_ALLOCATE|[66]|Bytes:7
12:04:35.1 (10233277)|SYSTEM_MODE_ENTER|false
12:04:35.1 (10269118)|HEAP_ALLOCATE|[1]|Bytes:5
12:04:35.1 (10283180)|CONSTRUCTOR_ENTRY|[1]|01pN0000004vmI6|<init>()|s_c.StageLayoutMetadata
12:04:35.1 (10313661)|VARIABLE_SCOPE_BEGIN|[1]|this|s_c.StageLayoutMetadata|true|false
12:04:35.1 (10398395)|VARIABLE_ASSIGNMENT|[1]|this|{}|0x20b43b88
12:04:35.1 (10411603)|HEAP_ALLOCATE|[EXTERNAL]|Bytes:6
12:04:35.1 (11955996)|STATEMENT_EXECUTE|[1]
12:04:35.1 (11976800)|CONSTRUCTOR_EXIT|[1]|01pN0000004vmI6|<init>()|s_c.StageLayoutMetadata
12:04:35.1 (11995335)|SYSTEM_MODE_EXIT|false
12:04:35.1 (12031376)|VARIABLE_ASSIGNMENT|[1]|s_c.slm|{}|0x20b43b88
12:04:35.1 (12040489)|STATEMENT_EXECUTE|[2]
12:04:35.1 (12046743)|HEAP_ALLOCATE|[2]|Bytes:17
12:04:35.1 (12085591)|SYSTEM_MODE_ENTER|false
12:04:35.1 (12102242)|HEAP_ALLOCATE|[2]|Bytes:5
12:04:35.1 (12135337)|METHOD_ENTRY|[2]|01pN0000004vmI6|s_c.StageLayoutMetadata.getMData()
12:04:35.1 (12284646)|VARIABLE_SCOPE_BEGIN|[3]|this|s_c.StageLayoutMetadata|true|false
12:04:35.1 (12314081)|VARIABLE_ASSIGNMENT|[3]|this|{}|0x20b43b88
12:04:35.1 (12327037)|STATEMENT_EXECUTE|[3]
12:04:35.1 (12329113)|STATEMENT_EXECUTE|[4]
12:04:35.1 (12403217)|HEAP_ALLOCATE|[4]|Bytes:4
12:04:35.1 (12460748)|HEAP_ALLOCATE|[4]|Bytes:22
12:04:35.1 (12505242)|HEAP_ALLOCATE|[4]|Bytes:3
12:04:35.1 (12518982)|SYSTEM_METHOD_ENTRY|[1]|Operations.Operations()
12:04:35.1 (12523665)|STATEMENT_EXECUTE|[1]
12:04:35.1 (12530893)|SYSTEM_METHOD_EXIT|[1]|Operations
12:04:35.1 (12549341)|METHOD_ENTRY|[4]||Metadata.Operations.retrieve(Metadata.MetadataType, List<String>)
12:04:35.1 (97136626)|METHOD_EXIT|[4]||Metadata.Operations.retrieve(Metadata.MetadataType, List<String>)
12:04:35.1 (97215415)|VARIABLE_SCOPE_BEGIN|[4]|listMData|List<Metadata.Metadata>|true|false
12:04:35.1 (97410825)|VARIABLE_ASSIGNMENT|[4]|listMData|[{"excludeButtons":"0x63d178bb","layoutSections":"0x71aea2bf","quickActionList":"0x7b9ffba9","relatedContent":"0x1ba3a31e","relatedLists":"0x735f1471","relatedObjects":"0x7760ebff","showEmailCheckbox":false,"showHighlightsPanel":false,"showInteractionLogPanel":false,"showRunAssignmentRulesCheckbox":false,"showSubmitAndAttachButton":false,"summaryLayout":"0x73261409","fullName":"Account-Account Layo (2 more) ..."}]|0x759bf220
12:04:35.1 (97438715)|STATEMENT_EXECUTE|[5]
12:04:35.1 (97569655)|HEAP_ALLOCATE|[5]|Bytes:100
12:04:35.1 (97620620)|VARIABLE_SCOPE_BEGIN|[5]|mLayout|Metadata.Layout|true|false
12:04:35.1 (97741428)|VARIABLE_ASSIGNMENT|[5]|mLayout|{"excludeButtons":"0x63d178bb","layoutSections":"0x71aea2bf","quickActionList":"0x7b9ffba9","relatedContent":"0x1ba3a31e","relatedLists":"0x735f1471","relatedObjects":"0x7760ebff","showEmailCheckbox":false,"showHighlightsPanel":false,"showInteractionLogPanel":false,"showRunAssignmentRulesCheckbox":false,"showSubmitAndAttachButton":false,"summaryLayout":"0x73261409","fullName":"Account-Account Layo (2 more) ..."}|0x7e6c9c7e
12:04:35.1 (97767496)|STATEMENT_EXECUTE|[8]
12:04:35.1 (97860652)|VARIABLE_SCOPE_BEGIN|[8]|listMLSection|List<Metadata.LayoutSection>|true|false
12:04:35.1 (97891722)|VARIABLE_ASSIGNMENT|[8]|listMLSection|"List of size 7 too large to display"|0x71aea2bf
12:04:35.1 (97906420)|STATEMENT_EXECUTE|[10]
12:04:35.1 (97920419)|HEAP_ALLOCATE|[10]|Bytes:28
12:04:35.1 (98284459)|VARIABLE_SCOPE_BEGIN|[10]|mLSection|Metadata.LayoutSection|true|false
12:04:35.1 (98361711)|VARIABLE_ASSIGNMENT|[10]|mLSection|{"layoutColumns":"0xe23bf5f"}|0x4de664ce
12:04:35.1 (98380380)|STATEMENT_EXECUTE|[11]
12:04:35.1 (98389232)|HEAP_ALLOCATE|[11]|Bytes:12
12:04:35.1 (98462562)|STATEMENT_EXECUTE|[13]
12:04:35.1 (98550365)|HEAP_ALLOCATE|[EXTERNAL]|Bytes:4
12:04:35.1 (98576169)|STATEMENT_EXECUTE|[15]
12:04:35.1 (98583289)|HEAP_ALLOCATE|[15]|Bytes:15
12:04:35.1 (99519023)|HEAP_ALLOCATE|[15]|Bytes:7378
12:04:35.1 (99556601)|HEAP_ALLOCATE|[15]|Bytes:7393
12:04:35.1 (99590234)|USER_DEBUG|[15]|DEBUG|listMLSection: (LayoutSection:[customLabel=false, detailHeading=false, editHeading=true, label=Account Information, layoutColumns=(LayoutColumn:[layoutItems=(LayoutItem:[analyticsCloudComponent=null, behavior=Edit, canvas=null, component=null, customLink=null, emptySpace=null, field=OwnerId, height=null, page_x=null, reportChartComponent=null, scontrol=null, showLabel=null, showScrollbars=null, width=null], LayoutItem:[analyticsCloudComponent=null, behavior=Required, canvas=null, component=null, customLink=null, emptySpace=null, field=Name, height=null, page_x=null, reportChartComponent=null, scontrol=null, showLabel=null, showScrollbars=null, width=null], LayoutItem:[analyticsCloudComponent=null, behavior=Edit, canvas=null, component=null, customLink=null, emptySpace=null, field=ParentId, height=null, page_x=null, reportChartComponent=null, scontrol=null, showLabel=null, showScrollbars=null, width=null], LayoutItem:[analyticsCloudComponent=null, behavior=Edit, canvas=null, component=null, customLink=null, emptySpace=null, field=AccountNumber, height=null, page_x=null, reportChartComponent=null, scontrol=null, showLabel=null, showScrollbars=null, width=null], LayoutItem:[analyticsCloudComponent=null, behavior=Edit, canvas=null, component=null, customLink=null, emptySpace=null, field=Site, height=null, page_x=null, reportChartComponent=null, scontrol=null, showLabel=null, showScrollbars=null, width=null], LayoutItem:[analyticsCloudComponent=null, behavior=Edit, canvas=null, component=null, customLink=null, emptySpace=null, field=Type, height=null, page_x=null, reportChartComponent=null, scontrol=null, showLabel=null, showScrollbars=null, width=null], LayoutItem:[analyticsCloudComponent=null, behavior=Edit, canvas=null, component=null, customLink=null, emptySpace=null, field=Industry, height=null, page_x=null, reportChartComponent=null, scontrol=null, showLabel=null, showScrollbars=null, width=null], LayoutItem:[analyticsCloudComponent=null, behavior=Edit, canvas=null, component=null, customLink=null, emptySpace=null, field=AnnualRevenue, height=null, page_x=null, reportChartComponent=null, scontrol=null, showLabel=null, showScrollbars=null, width=null], LayoutItem:[analyticsCloudComponent=null, behavior=Edit, canvas=null, component=null, customLink=null, emptySpace=null, field=Rating, height=null, page_x=null, reportChartComponent=null, scontrol=null, showLabel=null, showScrollbars=null, width=null], LayoutItem:[analyticsCloudComponent=null, behavior=Edit, canvas=null, component=null, customLink=null, emptySpace=null, field=sC_Id__c, height=null, page_x=null, reportChartComponent=null, scontrol=null, showLabel=null, showScrollbars=null, width=null]), reserved=null], LayoutColumn:[layoutItems=(LayoutItem:[analyticsCloudComponent=null, behavior=Edit, canvas=null, component=null, customLink=null, emptySpace=null, field=Phone, height=null, page_x=null, reportChartComponent=null, scontrol=null, showLabel=null, showScrollbars=null, width=null], LayoutItem:[analyticsCloudComponent=null, behavior=Edit, canvas=null, component=null, customLink=null, emptySpace=null, field=Fax, height=null, page_x=null, reportChartComponent=null, scontrol=null, showLabel=null, showScrollbars=null, width=null], LayoutItem:[analyticsCloudComponent=null, behavior=Edit, canvas=null, component=null, customLink=null, emptySpace=null, field=Website, height=null, page_x=null, reportChartComponent=null, scontrol=null, showLabel=null, showScrollbars=null, width=null], LayoutItem:[analyticsCloudComponent=null, behavior=Edit, canvas=null, component=null, customLink=null, emptySpace=null, field=TickerSymbol, height=null, page_x=null, reportChartComponent=null, scontrol=null, showLabel=null, showScrollbars=null, width=null], LayoutItem:[analyticsCloudComponent=null, behavior=Edit, canvas=null, component=null, customLink=null, emptySpace=null, field=Ownership, height=null, page_x=null, reportChartComponent=null, scontrol=null, showLabel=null, showScrollbars=null, width=null], LayoutItem:[analyticsCloudComponent=null, behavior=Edit, canvas=null, component=null, customLink=null, emptySpace=null, field=NumberOfEmployees, height=null, page_x=null, reportChartComponent=null, scontrol=null, showLabel=null, showScrollbars=null, width=null], LayoutItem:[analyticsCloudComponent=null, behavior=Edit, canvas=null, component=null, customLink=null, emptySpace=null, field=Sic, height=null, page_x=null, reportChartComponent=null, scontrol=null, showLabel=null, showScrollbars=null, width=null]), reserved=null]), style=TwoColumnsTopToBottom], LayoutSection:[customLabel=false, detailHeading=false, editHeading=true, label=Address Information, layoutColumns=(LayoutColumn:[layoutItems=(LayoutItem:[analyticsCloudComponent=null, behavior=Edit, canvas=null, component=null, customLink=null, emptySpace=null, field=BillingAddress, height=null, page_x=null, reportChartComponent=null, scontrol=null, showLabel=null, showScrollbars=null, width=null]), reserved=null], LayoutColumn:[layoutItems=(LayoutItem:[analyticsCloudComponent=null, behavior=Edit, canvas=null, component=null, customLink=null, emptySpace=null, field=ShippingAddress, height=null, page_x=null, reportChartComponent=null, scontrol=null, showLabel=null, showScrollbars=null, width=null]), reserved=null]), style=TwoColumnsTopToBottom], LayoutSection:[customLabel=false, detailHeading=false, editHeading=true, label=Additional Information, layoutColumns=(LayoutColumn:[layoutItems=null, reserved=null], LayoutColumn:[layoutItems=null, reserved=null]), style=TwoColumnsLeftToRight], LayoutSection:[customLabel=false, detailHeading=false, editHeading=true, label=System Information, layoutColumns=(LayoutColumn:[layoutItems=(LayoutItem:[analyticsCloudComponent=null, behavior=Readonly, canvas=null, component=null, customLink=null, emptySpace=null, field=CreatedById, height=null, page_x=null, reportChartComponent=null, scontrol=null, showLabel=null, showScrollbars=null, width=null]), reserved=null], LayoutColumn:[layoutItems=(LayoutItem:[analyticsCloudComponent=null, behavior=Readonly, canvas=null, component=null, customLink=null, emptySpace=null, field=LastModifiedById, height=null, page_x=null, reportChartComponent=null, scontrol=null, showLabel=null, showScrollbars=null, width=null]), reserved=null]), style=TwoColumnsTopToBottom], LayoutSection:[customLabel=false, detailHeading=false, editHeading=true, label=Description Information, layoutColumns=(LayoutColumn:[layoutItems=null, reserved=null]), style=OneColumn], LayoutSection:[customLabel=true, detailHeading=false, editHeading=false, label=Custom Links, layoutColumns=(LayoutColumn:[layoutItems=null, reserved=null], LayoutColumn:[layoutItems=null, reserved=null], LayoutColumn:[layoutItems=null, reserved=null]), style=CustomLinks], LayoutSection:[customLabel=true, detailHeading=true, editHeading=true, label=StoreConnect, layoutColumns=(LayoutColumn:[layoutItems=(LayoutItem:[analyticsCloudComponent=null, behavior=Edit, canvas=null, component=null, customLink=null, emptySpace=null, field=Description, height=null, page_x=null, reportChartComponent=null, scontrol=null, showLabel=null, showScrollbars=null, width=null]), reserved=null], LayoutColumn:[layoutItems=null, reserved=null]), style=TwoColumnsLeftToRight], LayoutSection:[customLabel=null, detailHeading=null, editHeading=null, label=StoreConnect, layoutColumns=(), style=null])
12:04:35.1 (99682037)|STATEMENT_EXECUTE|[17]
12:04:35.1 (99689820)|METHOD_EXIT|[2]|01pN0000004vmI6|s_c.StageLayoutMetadata.getMData()
12:04:35.1 (99706781)|SYSTEM_MODE_EXIT|false
12:04:35.1 (100774557)|HEAP_ALLOCATE|[2]|Bytes:10477
12:04:35.1 (100809683)|HEAP_ALLOCATE|[2]|Bytes:10494
12:04:35.1 (100824734)|USER_DEBUG|[2]|DEBUG|slm.getMData();: Layout:[Metadata.fullName=Account-Account Layout, customButtons=null, customConsoleComponents=null, emailDefault=null, excludeButtons=(Submit), feedLayout=null, headers=null, layoutSections=(LayoutSection:[customLabel=false, detailHeading=false, editHeading=true, label=Account Information, layoutColumns=(LayoutColumn:[layoutItems=(LayoutItem:[analyticsCloudComponent=null, behavior=Edit, canvas=null, component=null, customLink=null, emptySpace=null, field=OwnerId, height=null, page_x=null, reportChartComponent=null, scontrol=null, showLabel=null, showScrollbars=null, width=null], LayoutItem:[analyticsCloudComponent=null, behavior=Required, canvas=null, component=null, customLink=null, emptySpace=null, field=Name, height=null, page_x=null, reportChartComponent=null, scontrol=null, showLabel=null, showScrollbars=null, width=null], LayoutItem:[analyticsCloudComponent=null, behavior=Edit, canvas=null, component=null, customLink=null, emptySpace=null, field=ParentId, height=null, page_x=null, reportChartComponent=null, scontrol=null, showLabel=null, showScrollbars=null, width=null], LayoutItem:[analyticsCloudComponent=null, behavior=Edit, canvas=null, component=null, customLink=null, emptySpace=null, field=AccountNumber, height=null, page_x=null, reportChartComponent=null, scontrol=null, showLabel=null, showScrollbars=null, width=null], LayoutItem:[analyticsCloudComponent=null, behavior=Edit, canvas=null, component=null, customLink=null, emptySpace=null, field=Site, height=null, page_x=null, reportChartComponent=null, scontrol=null, showLabel=null, showScrollbars=null, width=null], LayoutItem:[analyticsCloudComponent=null, behavior=Edit, canvas=null, component=null, customLink=null, emptySpace=null, field=Type, height=null, page_x=null, reportChartComponent=null, scontrol=null, showLabel=null, showScrollbars=null, width=null], LayoutItem:[analyticsCloudComponent=null, behavior=Edit, canvas=null, component=null, customLink=null, emptySpace=null, field=Industry, height=null, page_x=null, reportChartComponent=null, scontrol=null, showLabel=null, showScrollbars=null, width=null], LayoutItem:[analyticsCloudComponent=null, behavior=Edit, canvas=null, component=null, customLink=null, emptySpace=null, field=AnnualRevenue, height=null, page_x=null, reportChartComponent=null, scontrol=null, showLabel=null, showScrollbars=null, width=null], LayoutItem:[analyticsCloudComponent=null, behavior=Edit, canvas=null, component=null, customLink=null, emptySpace=null, field=Rating, height=null, page_x=null, reportChartComponent=null, scontrol=null, showLabel=null, showScrollbars=null, width=null], LayoutItem:[analyticsCloudComponent=null, behavior=Edit, canvas=null, component=null, customLink=null, emptySpace=null, field=sC_Id__c, height=null, page_x=null, reportChartComponent=null, scontrol=null, showLabel=null, showScrollbars=null, width=null]), reserved=null], LayoutColumn:[layoutItems=(LayoutItem:[analyticsCloudComponent=null, behavior=Edit, canvas=null, component=null, customLink=null, emptySpace=null, field=Phone, height=null, page_x=null, reportChartComponent=null, scontrol=null, showLabel=null, showScrollbars=null, width=null], LayoutItem:[analyticsCloudComponent=null, behavior=Edit, canvas=null, component=null, customLink=null, emptySpace=null, field=Fax, height=null, page_x=null, reportChartComponent=null, scontrol=null, showLabel=null, showScrollbars=null, width=null], LayoutItem:[analyticsCloudComponent=null, behavior=Edit, canvas=null, component=null, customLink=null, emptySpace=null, field=Website, height=null, page_x=null, reportChartComponent=null, scontrol=null, showLabel=null, showScrollbars=null, width=null], LayoutItem:[analyticsCloudComponent=null, behavior=Edit, canvas=null, component=null, customLink=null, emptySpace=null, field=TickerSymbol, height=null, page_x=null, reportChartComponent=null, scontrol=null, showLabel=null, showScrollbars=null, width=null], LayoutItem:[analyticsCloudComponent=null, behavior=Edit, canvas=null, component=null, customLink=null, emptySpace=null, field=Ownership, height=null, page_x=null, reportChartComponent=null, scontrol=null, showLabel=null, showScrollbars=null, width=null], LayoutItem:[analyticsCloudComponent=null, behavior=Edit, canvas=null, component=null, customLink=null, emptySpace=null, field=NumberOfEmployees, height=null, page_x=null, reportChartComponent=null, scontrol=null, showLabel=null, showScrollbars=null, width=null], LayoutItem:[analyticsCloudComponent=null, behavior=Edit, canvas=null, component=null, customLink=null, emptySpace=null, field=Sic, height=null, page_x=null, reportChartComponent=null, scontrol=null, showLabel=null, showScrollbars=null, width=null]), reserved=null]), style=TwoColumnsTopToBottom], LayoutSection:[customLabel=false, detailHeading=false, editHeading=true, label=Address Information, layoutColumns=(LayoutColumn:[layoutItems=(LayoutItem:[analyticsCloudComponent=null, behavior=Edit, canvas=null, component=null, customLink=null, emptySpace=null, field=BillingAddress, height=null, page_x=null, reportChartComponent=null, scontrol=null, showLabel=null, showScrollbars=null, width=null]), reserved=null], LayoutColumn:[layoutItems=(LayoutItem:[analyticsCloudComponent=null, behavior=Edit, canvas=null, component=null, customLink=null, emptySpace=null, field=ShippingAddress, height=null, page_x=null, reportChartComponent=null, scontrol=null, showLabel=null, showScrollbars=null, width=null]), reserved=null]), style=TwoColumnsTopToBottom], LayoutSection:[customLabel=false, detailHeading=false, editHeading=true, label=Additional Information, layoutColumns=(LayoutColumn:[layoutItems=null, reserved=null], LayoutColumn:[layoutItems=null, reserved=null]), style=TwoColumnsLeftToRight], LayoutSection:[customLabel=false, detailHeading=false, editHeading=true, label=System Information, layoutColumns=(LayoutColumn:[layoutItems=(LayoutItem:[analyticsCloudComponent=null, behavior=Readonly, canvas=null, component=null, customLink=null, emptySpace=null, field=CreatedById, height=null, page_x=null, reportChartComponent=null, scontrol=null, showLabel=null, showScrollbars=null, width=null]), reserved=null], LayoutColumn:[layoutItems=(LayoutItem:[analyticsCloudComponent=null, behavior=Readonly, canvas=null, component=null, customLink=null, emptySpace=null, field=LastModifiedById, height=null, page_x=null, reportChartComponent=null, scontrol=null, showLabel=null, showScrollbars=null, width=null]), reserved=null]), style=TwoColumnsTopToBottom], LayoutSection:[customLabel=false, detailHeading=false, editHeading=true, label=Description Information, layoutColumns=(LayoutColumn:[layoutItems=null, reserved=null]), style=OneColumn], LayoutSection:[customLabel=true, detailHeading=false, editHeading=false, label=Custom Links, layoutColumns=(LayoutColumn:[layoutItems=null, reserved=null], LayoutColumn:[layoutItems=null, reserved=null], LayoutColumn:[layoutItems=null, reserved=null]), style=CustomLinks], LayoutSection:[customLabel=true, detailHeading=true, editHeading=true, label=StoreConnect, layoutColumns=(LayoutColumn:[layoutItems=(LayoutItem:[analyticsCloudComponent=null, behavior=Edit, canvas=null, component=null, customLink=null, emptySpace=null, field=Description, height=null, page_x=null, reportChartComponent=null, scontrol=null, showLabel=null, showScrollbars=null, width=null]), reserved=null], LayoutColumn:[layoutItems=null, reserved=null]), style=TwoColumnsLeftToRight], LayoutSection:[customLabel=null, detailHeading=null, editHeading=null, label=StoreConnect, layoutColumns=(), style=null]), miniLayout=null, multilineLayoutFields=null, platformActionList=null, quickActionList=QuickActionList:[quickActionListItems=(QuickActionListItem:[quickActionName=FeedItem.TextPost], QuickActionListItem:[quickActionName=FeedItem.ContentPost], QuickActionListItem:[quickActionName=NewTask], QuickActionListItem:[quickActionName=NewContact], QuickActionListItem:[quickActionName=NewCase], QuickActionListItem:[quickActionName=LogACall], QuickActionListItem:[quickActionName=NewNote], QuickActionListItem:[quickActionName=NewOpportunity], QuickActionListItem:[quickActionName=NewEvent], QuickActionListItem:[quickActionName=FeedItem.RypplePost], ...)], relatedContent=RelatedContent:[relatedContentItems=(RelatedContentItem:[layoutItem=LayoutItem:[analyticsCloudComponent=null, behavior=null, canvas=null, component=runtime_sales_social:socialPanel, customLink=null, emptySpace=null, field=null, height=null, page_x=null, reportChartComponent=null, scontrol=null, showLabel=null, showScrollbars=null, width=null]])], relatedLists=(RelatedListItem:[customButtons=null, excludeButtons=null, fields=(FULL_NAME, CONTACT.TITLE, CONTACT.EMAIL, CONTACT.PHONE1), relatedList=RelatedContactList, sortField=null, sortOrder=null], RelatedListItem:[customButtons=null, excludeButtons=null, fields=(OPPORTUNITY.NAME, OPPORTUNITY.STAGE_NAME, OPPORTUNITY.AMOUNT, OPPORTUNITY.CLOSE_DATE), relatedList=RelatedOpportunityList, sortField=null, sortOrder=null], RelatedListItem:[customButtons=null, excludeButtons=null, fields=(CASES.CASE_NUMBER, NAME, CASES.SUBJECT, CASES.PRIORITY, CASES.CREATED_DATE_DATE_ONLY, CASES.STATUS, OWNER_NAME), relatedList=RelatedCaseList, sortField=null, sortOrder=null], RelatedListItem:[customButtons=null, excludeButtons=null, fields=(TASK.SUBJECT, TASK.WHO_NAME, TASK.WHAT_NAME, ACTIVITY.TASK, TASK.DUE_DATE, TASK.STATUS, TASK.PRIORITY, CORE.USERS.FULL_NAME), relatedList=RelatedActivityList, sortField=null, sortOrder=null], RelatedListItem:[customButtons=null, excludeButtons=null, fields=(TASK.SUBJECT, TASK.WHO_NAME, TASK.WHAT_NAME, ACTIVITY.TASK, TASK.DUE_DATE, CORE.USERS.FULL_NAME, TASK.LAST_UPDATE), relatedList=RelatedHistoryList, sortField=null, sortOrder=null], RelatedListItem:[customButtons=null, excludeButtons=null, fields=null, relatedList=RelatedNoteList, sortField=null, sortOrder=null], RelatedListItem:[customButtons=null, excludeButtons=null, fields=(ACCOUNT.NAME, OPPORTUNITY.NAME, PARTNER.ROLE), relatedList=RelatedPartnerList, sortField=null, sortOrder=null]), relatedObjects=(ParentId), runAssignmentRulesDefault=null, showEmailCheckbox=false, showHighlightsPanel=false, showInteractionLogPanel=false, showKnowledgeComponent=null, showRunAssignmentRulesCheckbox=false, showSolutionSection=null, showSubmitAndAttachButton=false, summaryLayout=SummaryLayout:[masterLabel=00hN0000002FuC0, sizeX=4, sizeY=0, sizeZ=null, summaryLayoutItems=null, summaryLayoutStyle=Default_x]]
12:04:35.101 (101046685)|CUMULATIVE_LIMIT_USAGE
12:04:35.101 (101046685)|LIMIT_USAGE_FOR_NS|(default)|
  Number of SOQL queries: 0 out of 100
  Number of query rows: 0 out of 50000
  Number of SOSL queries: 0 out of 20
  Number of DML statements: 0 out of 150
  Number of Publish Immediate DML: 0 out of 150
  Number of DML rows: 0 out of 10000
  Maximum CPU time: 0 out of 10000
  Maximum heap size: 0 out of 6000000
  Number of callouts: 0 out of 100
  Number of Email Invocations: 0 out of 10
  Number of future calls: 0 out of 50
  Number of queueable jobs added to the queue: 0 out of 50
  Number of Mobile Apex push calls: 0 out of 10

12:04:35.101 (101046685)|CUMULATIVE_LIMIT_USAGE_END

12:04:35.1 (101093597)|CODE_UNIT_FINISHED|execute_anonymous_apex
12:04:35.1 (101103392)|EXECUTION_FINISHED
